<?xml version="1.0" encoding="utf-8"?>
<test-run id="2" name="Open-Lab-02.06.dll" fullname="C:/Users/onkom/Documents/openlab/2.00/ygt/Open-Lab-02.06/bin/Debug/netcoreapp3.0/Open-Lab-02.06.dll" testcasecount="100" result="Passed" start-time="2021-10-09 08:44:45Z" end-time="2021-10-09 08:44:45Z" duration="0.103122" total="100" passed="100" failed="0" inconclusive="0" skipped="0" asserts="100" random-seed="1245950323">
  <command-line><![CDATA[C:\Users\onkom\Documents\openlab\2.00\ygt\Open-Lab-02.06\bin\Debug\netcoreapp3.0\Open-Lab-02.06.dll]]></command-line>
  <filter />
  <test-suite type="Assembly" id="1102" name="Open-Lab-02.06.dll" fullname="C:/Users/onkom/Documents/openlab/2.00/ygt/Open-Lab-02.06/bin/Debug/netcoreapp3.0/Open-Lab-02.06.dll" runstate="Runnable" testcasecount="100" result="Passed" start-time="2021-10-09 08:44:45Z" end-time="2021-10-09 08:44:45Z" duration="0.103122" total="100" passed="100" failed="0" warnings="0" inconclusive="0" skipped="0" asserts="100">
    <environment framework-version="3.12.0.0" clr-version="3.1.19" os-version="Microsoft Windows 10.0.19042" platform="Win32NT" cwd="C:\Users\onkom\Documents\openlab\2.00\ygt\Open-Lab-02.06\bin\Debug\netcoreapp3.0" machine-name="DESKTOP-7OQAPDJ" user="onkom" user-domain="DESKTOP-7OQAPDJ" culture="en-US" uiculture="en-US" os-architecture="x64" />
    <settings>
      <setting name="WorkDirectory" value="C:\Users\onkom\Documents\openlab\2.00\ygt\Open-Lab-02.06\bin\Debug\netcoreapp3.0" />
      <setting name="NumberOfTestWorkers" value="4" />
    </settings>
    <properties>
      <property name="_PID" value="15732" />
      <property name="_APPDOMAIN" value="Open-Lab-02.06" />
    </properties>
    <test-suite type="TestSuite" id="1103" name="Open_Lab_02" fullname="Open_Lab_02" runstate="Runnable" testcasecount="100" result="Passed" start-time="2021-10-09 08:44:45Z" end-time="2021-10-09 08:44:45Z" duration="0.080387" total="100" passed="100" failed="0" warnings="0" inconclusive="0" skipped="0" asserts="100">
      <test-suite type="TestSuite" id="1104" name="_06" fullname="Open_Lab_02._06" runstate="Runnable" testcasecount="100" result="Passed" start-time="2021-10-09 08:44:45Z" end-time="2021-10-09 08:44:45Z" duration="0.079482" total="100" passed="100" failed="0" warnings="0" inconclusive="0" skipped="0" asserts="100">
        <test-suite type="TestFixture" id="1000" name="Tests" fullname="Open_Lab_02._06.Tests" classname="Open_Lab_02._06.Tests" runstate="Runnable" testcasecount="100" result="Passed" start-time="2021-10-09 08:44:45Z" end-time="2021-10-09 08:44:45Z" duration="0.076013" total="100" passed="100" failed="0" warnings="0" inconclusive="0" skipped="0" asserts="100">
          <test-suite type="ParameterizedMethod" id="1101" name="DivisibleTest" fullname="Open_Lab_02._06.Tests.DivisibleTest" classname="Open_Lab_02._06.Tests" runstate="Runnable" testcasecount="100" result="Passed" start-time="2021-10-09 08:44:45Z" end-time="2021-10-09 08:44:45Z" duration="0.062076" total="100" passed="100" failed="0" warnings="0" inconclusive="0" skipped="0" asserts="100">
            <test-case id="1001" name="DivisibleTest(0)" fullname="Open_Lab_02._06.Tests.DivisibleTest(0)" methodname="DivisibleTest" classname="Open_Lab_02._06.Tests" runstate="Runnable" seed="164639534" result="Passed" start-time="2021-10-09 08:44:45Z" end-time="2021-10-09 08:44:45Z" duration="0.040527" asserts="1" />
            <test-case id="1002" name="DivisibleTest(5)" fullname="Open_Lab_02._06.Tests.DivisibleTest(5)" methodname="DivisibleTest" classname="Open_Lab_02._06.Tests" runstate="Runnable" seed="89488327" result="Passed" start-time="2021-10-09 08:44:45Z" end-time="2021-10-09 08:44:45Z" duration="0.000368" asserts="1" />
            <test-case id="1003" name="DivisibleTest(10)" fullname="Open_Lab_02._06.Tests.DivisibleTest(10)" methodname="DivisibleTest" classname="Open_Lab_02._06.Tests" runstate="Runnable" seed="938471872" result="Passed" start-time="2021-10-09 08:44:45Z" end-time="2021-10-09 08:44:45Z" duration="0.000165" asserts="1" />
            <test-case id="1004" name="DivisibleTest(15)" fullname="Open_Lab_02._06.Tests.DivisibleTest(15)" methodname="DivisibleTest" classname="Open_Lab_02._06.Tests" runstate="Runnable" seed="794830911" result="Passed" start-time="2021-10-09 08:44:45Z" end-time="2021-10-09 08:44:45Z" duration="0.000145" asserts="1" />
            <test-case id="1005" name="DivisibleTest(20)" fullname="Open_Lab_02._06.Tests.DivisibleTest(20)" methodname="DivisibleTest" classname="Open_Lab_02._06.Tests" runstate="Runnable" seed="950811815" result="Passed" start-time="2021-10-09 08:44:45Z" end-time="2021-10-09 08:44:45Z" duration="0.000142" asserts="1" />
            <test-case id="1006" name="DivisibleTest(25)" fullname="Open_Lab_02._06.Tests.DivisibleTest(25)" methodname="DivisibleTest" classname="Open_Lab_02._06.Tests" runstate="Runnable" seed="79288638" result="Passed" start-time="2021-10-09 08:44:45Z" end-time="2021-10-09 08:44:45Z" duration="0.000080" asserts="1" />
            <test-case id="1007" name="DivisibleTest(30)" fullname="Open_Lab_02._06.Tests.DivisibleTest(30)" methodname="DivisibleTest" classname="Open_Lab_02._06.Tests" runstate="Runnable" seed="927656829" result="Passed" start-time="2021-10-09 08:44:45Z" end-time="2021-10-09 08:44:45Z" duration="0.000089" asserts="1" />
            <test-case id="1008" name="DivisibleTest(35)" fullname="Open_Lab_02._06.Tests.DivisibleTest(35)" methodname="DivisibleTest" classname="Open_Lab_02._06.Tests" runstate="Runnable" seed="392361981" result="Passed" start-time="2021-10-09 08:44:45Z" end-time="2021-10-09 08:44:45Z" duration="0.000098" asserts="1" />
            <test-case id="1009" name="DivisibleTest(40)" fullname="Open_Lab_02._06.Tests.DivisibleTest(40)" methodname="DivisibleTest" classname="Open_Lab_02._06.Tests" runstate="Runnable" seed="26567859" result="Passed" start-time="2021-10-09 08:44:45Z" end-time="2021-10-09 08:44:45Z" duration="0.000126" asserts="1" />
            <test-case id="1010" name="DivisibleTest(45)" fullname="Open_Lab_02._06.Tests.DivisibleTest(45)" methodname="DivisibleTest" classname="Open_Lab_02._06.Tests" runstate="Runnable" seed="126000217" result="Passed" start-time="2021-10-09 08:44:45Z" end-time="2021-10-09 08:44:45Z" duration="0.000102" asserts="1" />
            <test-case id="1011" name="DivisibleTest(50)" fullname="Open_Lab_02._06.Tests.DivisibleTest(50)" methodname="DivisibleTest" classname="Open_Lab_02._06.Tests" runstate="Runnable" seed="922356057" result="Passed" start-time="2021-10-09 08:44:45Z" end-time="2021-10-09 08:44:45Z" duration="0.000081" asserts="1" />
            <test-case id="1012" name="DivisibleTest(55)" fullname="Open_Lab_02._06.Tests.DivisibleTest(55)" methodname="DivisibleTest" classname="Open_Lab_02._06.Tests" runstate="Runnable" seed="1992758068" result="Passed" start-time="2021-10-09 08:44:45Z" end-time="2021-10-09 08:44:45Z" duration="0.000080" asserts="1" />
            <test-case id="1013" name="DivisibleTest(60)" fullname="Open_Lab_02._06.Tests.DivisibleTest(60)" methodname="DivisibleTest" classname="Open_Lab_02._06.Tests" runstate="Runnable" seed="206653728" result="Passed" start-time="2021-10-09 08:44:45Z" end-time="2021-10-09 08:44:45Z" duration="0.000068" asserts="1" />
            <test-case id="1014" name="DivisibleTest(65)" fullname="Open_Lab_02._06.Tests.DivisibleTest(65)" methodname="DivisibleTest" classname="Open_Lab_02._06.Tests" runstate="Runnable" seed="885547584" result="Passed" start-time="2021-10-09 08:44:45Z" end-time="2021-10-09 08:44:45Z" duration="0.000087" asserts="1" />
            <test-case id="1015" name="DivisibleTest(70)" fullname="Open_Lab_02._06.Tests.DivisibleTest(70)" methodname="DivisibleTest" classname="Open_Lab_02._06.Tests" runstate="Runnable" seed="1109578091" result="Passed" start-time="2021-10-09 08:44:45Z" end-time="2021-10-09 08:44:45Z" duration="0.000068" asserts="1" />
            <test-case id="1016" name="DivisibleTest(75)" fullname="Open_Lab_02._06.Tests.DivisibleTest(75)" methodname="DivisibleTest" classname="Open_Lab_02._06.Tests" runstate="Runnable" seed="617439153" result="Passed" start-time="2021-10-09 08:44:45Z" end-time="2021-10-09 08:44:45Z" duration="0.000090" asserts="1" />
            <test-case id="1017" name="DivisibleTest(80)" fullname="Open_Lab_02._06.Tests.DivisibleTest(80)" methodname="DivisibleTest" classname="Open_Lab_02._06.Tests" runstate="Runnable" seed="1918263264" result="Passed" start-time="2021-10-09 08:44:45Z" end-time="2021-10-09 08:44:45Z" duration="0.000071" asserts="1" />
            <test-case id="1018" name="DivisibleTest(85)" fullname="Open_Lab_02._06.Tests.DivisibleTest(85)" methodname="DivisibleTest" classname="Open_Lab_02._06.Tests" runstate="Runnable" seed="1552003631" result="Passed" start-time="2021-10-09 08:44:45Z" end-time="2021-10-09 08:44:45Z" duration="0.000081" asserts="1" />
            <test-case id="1019" name="DivisibleTest(90)" fullname="Open_Lab_02._06.Tests.DivisibleTest(90)" methodname="DivisibleTest" classname="Open_Lab_02._06.Tests" runstate="Runnable" seed="1832098659" result="Passed" start-time="2021-10-09 08:44:45Z" end-time="2021-10-09 08:44:45Z" duration="0.000069" asserts="1" />
            <test-case id="1020" name="DivisibleTest(95)" fullname="Open_Lab_02._06.Tests.DivisibleTest(95)" methodname="DivisibleTest" classname="Open_Lab_02._06.Tests" runstate="Runnable" seed="639561767" result="Passed" start-time="2021-10-09 08:44:45Z" end-time="2021-10-09 08:44:45Z" duration="0.000068" asserts="1" />
            <test-case id="1021" name="DivisibleTest(100)" fullname="Open_Lab_02._06.Tests.DivisibleTest(100)" methodname="DivisibleTest" classname="Open_Lab_02._06.Tests" runstate="Runnable" seed="2096294477" result="Passed" start-time="2021-10-09 08:44:45Z" end-time="2021-10-09 08:44:45Z" duration="0.000074" asserts="1" />
            <test-case id="1022" name="DivisibleTest(105)" fullname="Open_Lab_02._06.Tests.DivisibleTest(105)" methodname="DivisibleTest" classname="Open_Lab_02._06.Tests" runstate="Runnable" seed="1383108793" result="Passed" start-time="2021-10-09 08:44:45Z" end-time="2021-10-09 08:44:45Z" duration="0.000070" asserts="1" />
            <test-case id="1023" name="DivisibleTest(110)" fullname="Open_Lab_02._06.Tests.DivisibleTest(110)" methodname="DivisibleTest" classname="Open_Lab_02._06.Tests" runstate="Runnable" seed="1856912545" result="Passed" start-time="2021-10-09 08:44:45Z" end-time="2021-10-09 08:44:45Z" duration="0.000087" asserts="1" />
            <test-case id="1024" name="DivisibleTest(115)" fullname="Open_Lab_02._06.Tests.DivisibleTest(115)" methodname="DivisibleTest" classname="Open_Lab_02._06.Tests" runstate="Runnable" seed="1868956469" result="Passed" start-time="2021-10-09 08:44:45Z" end-time="2021-10-09 08:44:45Z" duration="0.000079" asserts="1" />
            <test-case id="1025" name="DivisibleTest(120)" fullname="Open_Lab_02._06.Tests.DivisibleTest(120)" methodname="DivisibleTest" classname="Open_Lab_02._06.Tests" runstate="Runnable" seed="1292922763" result="Passed" start-time="2021-10-09 08:44:45Z" end-time="2021-10-09 08:44:45Z" duration="0.000094" asserts="1" />
            <test-case id="1026" name="DivisibleTest(125)" fullname="Open_Lab_02._06.Tests.DivisibleTest(125)" methodname="DivisibleTest" classname="Open_Lab_02._06.Tests" runstate="Runnable" seed="1940189923" result="Passed" start-time="2021-10-09 08:44:45Z" end-time="2021-10-09 08:44:45Z" duration="0.000071" asserts="1" />
            <test-case id="1027" name="DivisibleTest(130)" fullname="Open_Lab_02._06.Tests.DivisibleTest(130)" methodname="DivisibleTest" classname="Open_Lab_02._06.Tests" runstate="Runnable" seed="1837292953" result="Passed" start-time="2021-10-09 08:44:45Z" end-time="2021-10-09 08:44:45Z" duration="0.000107" asserts="1" />
            <test-case id="1028" name="DivisibleTest(135)" fullname="Open_Lab_02._06.Tests.DivisibleTest(135)" methodname="DivisibleTest" classname="Open_Lab_02._06.Tests" runstate="Runnable" seed="933558983" result="Passed" start-time="2021-10-09 08:44:45Z" end-time="2021-10-09 08:44:45Z" duration="0.000083" asserts="1" />
            <test-case id="1029" name="DivisibleTest(140)" fullname="Open_Lab_02._06.Tests.DivisibleTest(140)" methodname="DivisibleTest" classname="Open_Lab_02._06.Tests" runstate="Runnable" seed="993721032" result="Passed" start-time="2021-10-09 08:44:45Z" end-time="2021-10-09 08:44:45Z" duration="0.000075" asserts="1" />
            <test-case id="1030" name="DivisibleTest(145)" fullname="Open_Lab_02._06.Tests.DivisibleTest(145)" methodname="DivisibleTest" classname="Open_Lab_02._06.Tests" runstate="Runnable" seed="586445974" result="Passed" start-time="2021-10-09 08:44:45Z" end-time="2021-10-09 08:44:45Z" duration="0.000127" asserts="1" />
            <test-case id="1031" name="DivisibleTest(150)" fullname="Open_Lab_02._06.Tests.DivisibleTest(150)" methodname="DivisibleTest" classname="Open_Lab_02._06.Tests" runstate="Runnable" seed="2072244599" result="Passed" start-time="2021-10-09 08:44:45Z" end-time="2021-10-09 08:44:45Z" duration="0.000067" asserts="1" />
            <test-case id="1032" name="DivisibleTest(155)" fullname="Open_Lab_02._06.Tests.DivisibleTest(155)" methodname="DivisibleTest" classname="Open_Lab_02._06.Tests" runstate="Runnable" seed="982893361" result="Passed" start-time="2021-10-09 08:44:45Z" end-time="2021-10-09 08:44:45Z" duration="0.000083" asserts="1" />
            <test-case id="1033" name="DivisibleTest(160)" fullname="Open_Lab_02._06.Tests.DivisibleTest(160)" methodname="DivisibleTest" classname="Open_Lab_02._06.Tests" runstate="Runnable" seed="402930779" result="Passed" start-time="2021-10-09 08:44:45Z" end-time="2021-10-09 08:44:45Z" duration="0.000085" asserts="1" />
            <test-case id="1034" name="DivisibleTest(165)" fullname="Open_Lab_02._06.Tests.DivisibleTest(165)" methodname="DivisibleTest" classname="Open_Lab_02._06.Tests" runstate="Runnable" seed="679878050" result="Passed" start-time="2021-10-09 08:44:45Z" end-time="2021-10-09 08:44:45Z" duration="0.000134" asserts="1" />
            <test-case id="1035" name="DivisibleTest(170)" fullname="Open_Lab_02._06.Tests.DivisibleTest(170)" methodname="DivisibleTest" classname="Open_Lab_02._06.Tests" runstate="Runnable" seed="1982057037" result="Passed" start-time="2021-10-09 08:44:45Z" end-time="2021-10-09 08:44:45Z" duration="0.000076" asserts="1" />
            <test-case id="1036" name="DivisibleTest(175)" fullname="Open_Lab_02._06.Tests.DivisibleTest(175)" methodname="DivisibleTest" classname="Open_Lab_02._06.Tests" runstate="Runnable" seed="393431264" result="Passed" start-time="2021-10-09 08:44:45Z" end-time="2021-10-09 08:44:45Z" duration="0.000089" asserts="1" />
            <test-case id="1037" name="DivisibleTest(180)" fullname="Open_Lab_02._06.Tests.DivisibleTest(180)" methodname="DivisibleTest" classname="Open_Lab_02._06.Tests" runstate="Runnable" seed="1628493819" result="Passed" start-time="2021-10-09 08:44:45Z" end-time="2021-10-09 08:44:45Z" duration="0.000073" asserts="1" />
            <test-case id="1038" name="DivisibleTest(185)" fullname="Open_Lab_02._06.Tests.DivisibleTest(185)" methodname="DivisibleTest" classname="Open_Lab_02._06.Tests" runstate="Runnable" seed="1307940518" result="Passed" start-time="2021-10-09 08:44:45Z" end-time="2021-10-09 08:44:45Z" duration="0.000084" asserts="1" />
            <test-case id="1039" name="DivisibleTest(190)" fullname="Open_Lab_02._06.Tests.DivisibleTest(190)" methodname="DivisibleTest" classname="Open_Lab_02._06.Tests" runstate="Runnable" seed="605880695" result="Passed" start-time="2021-10-09 08:44:45Z" end-time="2021-10-09 08:44:45Z" duration="0.000072" asserts="1" />
            <test-case id="1040" name="DivisibleTest(195)" fullname="Open_Lab_02._06.Tests.DivisibleTest(195)" methodname="DivisibleTest" classname="Open_Lab_02._06.Tests" runstate="Runnable" seed="153117094" result="Passed" start-time="2021-10-09 08:44:45Z" end-time="2021-10-09 08:44:45Z" duration="0.000067" asserts="1" />
            <test-case id="1041" name="DivisibleTest(200)" fullname="Open_Lab_02._06.Tests.DivisibleTest(200)" methodname="DivisibleTest" classname="Open_Lab_02._06.Tests" runstate="Runnable" seed="1329104664" result="Passed" start-time="2021-10-09 08:44:45Z" end-time="2021-10-09 08:44:45Z" duration="0.000087" asserts="1" />
            <test-case id="1042" name="DivisibleTest(205)" fullname="Open_Lab_02._06.Tests.DivisibleTest(205)" methodname="DivisibleTest" classname="Open_Lab_02._06.Tests" runstate="Runnable" seed="1870376938" result="Passed" start-time="2021-10-09 08:44:45Z" end-time="2021-10-09 08:44:45Z" duration="0.000079" asserts="1" />
            <test-case id="1043" name="DivisibleTest(210)" fullname="Open_Lab_02._06.Tests.DivisibleTest(210)" methodname="DivisibleTest" classname="Open_Lab_02._06.Tests" runstate="Runnable" seed="1094620908" result="Passed" start-time="2021-10-09 08:44:45Z" end-time="2021-10-09 08:44:45Z" duration="0.000099" asserts="1" />
            <test-case id="1044" name="DivisibleTest(215)" fullname="Open_Lab_02._06.Tests.DivisibleTest(215)" methodname="DivisibleTest" classname="Open_Lab_02._06.Tests" runstate="Runnable" seed="471991387" result="Passed" start-time="2021-10-09 08:44:45Z" end-time="2021-10-09 08:44:45Z" duration="0.000061" asserts="1" />
            <test-case id="1045" name="DivisibleTest(220)" fullname="Open_Lab_02._06.Tests.DivisibleTest(220)" methodname="DivisibleTest" classname="Open_Lab_02._06.Tests" runstate="Runnable" seed="709367600" result="Passed" start-time="2021-10-09 08:44:45Z" end-time="2021-10-09 08:44:45Z" duration="0.000085" asserts="1" />
            <test-case id="1046" name="DivisibleTest(225)" fullname="Open_Lab_02._06.Tests.DivisibleTest(225)" methodname="DivisibleTest" classname="Open_Lab_02._06.Tests" runstate="Runnable" seed="311484595" result="Passed" start-time="2021-10-09 08:44:45Z" end-time="2021-10-09 08:44:45Z" duration="0.000070" asserts="1" />
            <test-case id="1047" name="DivisibleTest(230)" fullname="Open_Lab_02._06.Tests.DivisibleTest(230)" methodname="DivisibleTest" classname="Open_Lab_02._06.Tests" runstate="Runnable" seed="824274483" result="Passed" start-time="2021-10-09 08:44:45Z" end-time="2021-10-09 08:44:45Z" duration="0.000056" asserts="1" />
            <test-case id="1048" name="DivisibleTest(235)" fullname="Open_Lab_02._06.Tests.DivisibleTest(235)" methodname="DivisibleTest" classname="Open_Lab_02._06.Tests" runstate="Runnable" seed="145322336" result="Passed" start-time="2021-10-09 08:44:45Z" end-time="2021-10-09 08:44:45Z" duration="0.000062" asserts="1" />
            <test-case id="1049" name="DivisibleTest(240)" fullname="Open_Lab_02._06.Tests.DivisibleTest(240)" methodname="DivisibleTest" classname="Open_Lab_02._06.Tests" runstate="Runnable" seed="621883376" result="Passed" start-time="2021-10-09 08:44:45Z" end-time="2021-10-09 08:44:45Z" duration="0.000063" asserts="1" />
            <test-case id="1050" name="DivisibleTest(245)" fullname="Open_Lab_02._06.Tests.DivisibleTest(245)" methodname="DivisibleTest" classname="Open_Lab_02._06.Tests" runstate="Runnable" seed="1494291682" result="Passed" start-time="2021-10-09 08:44:45Z" end-time="2021-10-09 08:44:45Z" duration="0.000072" asserts="1" />
            <test-case id="1051" name="DivisibleTest(250)" fullname="Open_Lab_02._06.Tests.DivisibleTest(250)" methodname="DivisibleTest" classname="Open_Lab_02._06.Tests" runstate="Runnable" seed="1086074780" result="Passed" start-time="2021-10-09 08:44:45Z" end-time="2021-10-09 08:44:45Z" duration="0.000058" asserts="1" />
            <test-case id="1052" name="DivisibleTest(255)" fullname="Open_Lab_02._06.Tests.DivisibleTest(255)" methodname="DivisibleTest" classname="Open_Lab_02._06.Tests" runstate="Runnable" seed="1292554842" result="Passed" start-time="2021-10-09 08:44:45Z" end-time="2021-10-09 08:44:45Z" duration="0.000078" asserts="1" />
            <test-case id="1053" name="DivisibleTest(260)" fullname="Open_Lab_02._06.Tests.DivisibleTest(260)" methodname="DivisibleTest" classname="Open_Lab_02._06.Tests" runstate="Runnable" seed="668762881" result="Passed" start-time="2021-10-09 08:44:45Z" end-time="2021-10-09 08:44:45Z" duration="0.000057" asserts="1" />
            <test-case id="1054" name="DivisibleTest(265)" fullname="Open_Lab_02._06.Tests.DivisibleTest(265)" methodname="DivisibleTest" classname="Open_Lab_02._06.Tests" runstate="Runnable" seed="1463494303" result="Passed" start-time="2021-10-09 08:44:45Z" end-time="2021-10-09 08:44:45Z" duration="0.000131" asserts="1" />
            <test-case id="1055" name="DivisibleTest(270)" fullname="Open_Lab_02._06.Tests.DivisibleTest(270)" methodname="DivisibleTest" classname="Open_Lab_02._06.Tests" runstate="Runnable" seed="2059115841" result="Passed" start-time="2021-10-09 08:44:45Z" end-time="2021-10-09 08:44:45Z" duration="0.000066" asserts="1" />
            <test-case id="1056" name="DivisibleTest(275)" fullname="Open_Lab_02._06.Tests.DivisibleTest(275)" methodname="DivisibleTest" classname="Open_Lab_02._06.Tests" runstate="Runnable" seed="929014388" result="Passed" start-time="2021-10-09 08:44:45Z" end-time="2021-10-09 08:44:45Z" duration="0.000063" asserts="1" />
            <test-case id="1057" name="DivisibleTest(280)" fullname="Open_Lab_02._06.Tests.DivisibleTest(280)" methodname="DivisibleTest" classname="Open_Lab_02._06.Tests" runstate="Runnable" seed="380059429" result="Passed" start-time="2021-10-09 08:44:45Z" end-time="2021-10-09 08:44:45Z" duration="0.000060" asserts="1" />
            <test-case id="1058" name="DivisibleTest(285)" fullname="Open_Lab_02._06.Tests.DivisibleTest(285)" methodname="DivisibleTest" classname="Open_Lab_02._06.Tests" runstate="Runnable" seed="1216999050" result="Passed" start-time="2021-10-09 08:44:45Z" end-time="2021-10-09 08:44:45Z" duration="0.000056" asserts="1" />
            <test-case id="1059" name="DivisibleTest(290)" fullname="Open_Lab_02._06.Tests.DivisibleTest(290)" methodname="DivisibleTest" classname="Open_Lab_02._06.Tests" runstate="Runnable" seed="1649391795" result="Passed" start-time="2021-10-09 08:44:45Z" end-time="2021-10-09 08:44:45Z" duration="0.000188" asserts="1" />
            <test-case id="1060" name="DivisibleTest(295)" fullname="Open_Lab_02._06.Tests.DivisibleTest(295)" methodname="DivisibleTest" classname="Open_Lab_02._06.Tests" runstate="Runnable" seed="1158105539" result="Passed" start-time="2021-10-09 08:44:45Z" end-time="2021-10-09 08:44:45Z" duration="0.000164" asserts="1" />
            <test-case id="1061" name="DivisibleTest(300)" fullname="Open_Lab_02._06.Tests.DivisibleTest(300)" methodname="DivisibleTest" classname="Open_Lab_02._06.Tests" runstate="Runnable" seed="389479332" result="Passed" start-time="2021-10-09 08:44:45Z" end-time="2021-10-09 08:44:45Z" duration="0.000401" asserts="1" />
            <test-case id="1062" name="DivisibleTest(305)" fullname="Open_Lab_02._06.Tests.DivisibleTest(305)" methodname="DivisibleTest" classname="Open_Lab_02._06.Tests" runstate="Runnable" seed="2141581493" result="Passed" start-time="2021-10-09 08:44:45Z" end-time="2021-10-09 08:44:45Z" duration="0.000134" asserts="1" />
            <test-case id="1063" name="DivisibleTest(310)" fullname="Open_Lab_02._06.Tests.DivisibleTest(310)" methodname="DivisibleTest" classname="Open_Lab_02._06.Tests" runstate="Runnable" seed="1546124596" result="Passed" start-time="2021-10-09 08:44:45Z" end-time="2021-10-09 08:44:45Z" duration="0.000116" asserts="1" />
            <test-case id="1064" name="DivisibleTest(315)" fullname="Open_Lab_02._06.Tests.DivisibleTest(315)" methodname="DivisibleTest" classname="Open_Lab_02._06.Tests" runstate="Runnable" seed="1587605532" result="Passed" start-time="2021-10-09 08:44:45Z" end-time="2021-10-09 08:44:45Z" duration="0.000070" asserts="1" />
            <test-case id="1065" name="DivisibleTest(320)" fullname="Open_Lab_02._06.Tests.DivisibleTest(320)" methodname="DivisibleTest" classname="Open_Lab_02._06.Tests" runstate="Runnable" seed="201239265" result="Passed" start-time="2021-10-09 08:44:45Z" end-time="2021-10-09 08:44:45Z" duration="0.000068" asserts="1" />
            <test-case id="1066" name="DivisibleTest(325)" fullname="Open_Lab_02._06.Tests.DivisibleTest(325)" methodname="DivisibleTest" classname="Open_Lab_02._06.Tests" runstate="Runnable" seed="2086946343" result="Passed" start-time="2021-10-09 08:44:45Z" end-time="2021-10-09 08:44:45Z" duration="0.000068" asserts="1" />
            <test-case id="1067" name="DivisibleTest(330)" fullname="Open_Lab_02._06.Tests.DivisibleTest(330)" methodname="DivisibleTest" classname="Open_Lab_02._06.Tests" runstate="Runnable" seed="1589827289" result="Passed" start-time="2021-10-09 08:44:45Z" end-time="2021-10-09 08:44:45Z" duration="0.000067" asserts="1" />
            <test-case id="1068" name="DivisibleTest(335)" fullname="Open_Lab_02._06.Tests.DivisibleTest(335)" methodname="DivisibleTest" classname="Open_Lab_02._06.Tests" runstate="Runnable" seed="1674259325" result="Passed" start-time="2021-10-09 08:44:45Z" end-time="2021-10-09 08:44:45Z" duration="0.000080" asserts="1" />
            <test-case id="1069" name="DivisibleTest(340)" fullname="Open_Lab_02._06.Tests.DivisibleTest(340)" methodname="DivisibleTest" classname="Open_Lab_02._06.Tests" runstate="Runnable" seed="1050974194" result="Passed" start-time="2021-10-09 08:44:45Z" end-time="2021-10-09 08:44:45Z" duration="0.000088" asserts="1" />
            <test-case id="1070" name="DivisibleTest(345)" fullname="Open_Lab_02._06.Tests.DivisibleTest(345)" methodname="DivisibleTest" classname="Open_Lab_02._06.Tests" runstate="Runnable" seed="716146827" result="Passed" start-time="2021-10-09 08:44:45Z" end-time="2021-10-09 08:44:45Z" duration="0.000080" asserts="1" />
            <test-case id="1071" name="DivisibleTest(350)" fullname="Open_Lab_02._06.Tests.DivisibleTest(350)" methodname="DivisibleTest" classname="Open_Lab_02._06.Tests" runstate="Runnable" seed="1136428981" result="Passed" start-time="2021-10-09 08:44:45Z" end-time="2021-10-09 08:44:45Z" duration="0.000067" asserts="1" />
            <test-case id="1072" name="DivisibleTest(355)" fullname="Open_Lab_02._06.Tests.DivisibleTest(355)" methodname="DivisibleTest" classname="Open_Lab_02._06.Tests" runstate="Runnable" seed="610322746" result="Passed" start-time="2021-10-09 08:44:45Z" end-time="2021-10-09 08:44:45Z" duration="0.000075" asserts="1" />
            <test-case id="1073" name="DivisibleTest(360)" fullname="Open_Lab_02._06.Tests.DivisibleTest(360)" methodname="DivisibleTest" classname="Open_Lab_02._06.Tests" runstate="Runnable" seed="946122936" result="Passed" start-time="2021-10-09 08:44:45Z" end-time="2021-10-09 08:44:45Z" duration="0.000053" asserts="1" />
            <test-case id="1074" name="DivisibleTest(365)" fullname="Open_Lab_02._06.Tests.DivisibleTest(365)" methodname="DivisibleTest" classname="Open_Lab_02._06.Tests" runstate="Runnable" seed="1678981565" result="Passed" start-time="2021-10-09 08:44:45Z" end-time="2021-10-09 08:44:45Z" duration="0.000052" asserts="1" />
            <test-case id="1075" name="DivisibleTest(370)" fullname="Open_Lab_02._06.Tests.DivisibleTest(370)" methodname="DivisibleTest" classname="Open_Lab_02._06.Tests" runstate="Runnable" seed="1457940750" result="Passed" start-time="2021-10-09 08:44:45Z" end-time="2021-10-09 08:44:45Z" duration="0.000058" asserts="1" />
            <test-case id="1076" name="DivisibleTest(375)" fullname="Open_Lab_02._06.Tests.DivisibleTest(375)" methodname="DivisibleTest" classname="Open_Lab_02._06.Tests" runstate="Runnable" seed="225917539" result="Passed" start-time="2021-10-09 08:44:45Z" end-time="2021-10-09 08:44:45Z" duration="0.000050" asserts="1" />
            <test-case id="1077" name="DivisibleTest(380)" fullname="Open_Lab_02._06.Tests.DivisibleTest(380)" methodname="DivisibleTest" classname="Open_Lab_02._06.Tests" runstate="Runnable" seed="288487885" result="Passed" start-time="2021-10-09 08:44:45Z" end-time="2021-10-09 08:44:45Z" duration="0.000061" asserts="1" />
            <test-case id="1078" name="DivisibleTest(385)" fullname="Open_Lab_02._06.Tests.DivisibleTest(385)" methodname="DivisibleTest" classname="Open_Lab_02._06.Tests" runstate="Runnable" seed="1384921158" result="Passed" start-time="2021-10-09 08:44:45Z" end-time="2021-10-09 08:44:45Z" duration="0.000049" asserts="1" />
            <test-case id="1079" name="DivisibleTest(390)" fullname="Open_Lab_02._06.Tests.DivisibleTest(390)" methodname="DivisibleTest" classname="Open_Lab_02._06.Tests" runstate="Runnable" seed="1159588869" result="Passed" start-time="2021-10-09 08:44:45Z" end-time="2021-10-09 08:44:45Z" duration="0.000061" asserts="1" />
            <test-case id="1080" name="DivisibleTest(395)" fullname="Open_Lab_02._06.Tests.DivisibleTest(395)" methodname="DivisibleTest" classname="Open_Lab_02._06.Tests" runstate="Runnable" seed="981438168" result="Passed" start-time="2021-10-09 08:44:45Z" end-time="2021-10-09 08:44:45Z" duration="0.000049" asserts="1" />
            <test-case id="1081" name="DivisibleTest(400)" fullname="Open_Lab_02._06.Tests.DivisibleTest(400)" methodname="DivisibleTest" classname="Open_Lab_02._06.Tests" runstate="Runnable" seed="1115915440" result="Passed" start-time="2021-10-09 08:44:45Z" end-time="2021-10-09 08:44:45Z" duration="0.000051" asserts="1" />
            <test-case id="1082" name="DivisibleTest(405)" fullname="Open_Lab_02._06.Tests.DivisibleTest(405)" methodname="DivisibleTest" classname="Open_Lab_02._06.Tests" runstate="Runnable" seed="1691970617" result="Passed" start-time="2021-10-09 08:44:45Z" end-time="2021-10-09 08:44:45Z" duration="0.000055" asserts="1" />
            <test-case id="1083" name="DivisibleTest(410)" fullname="Open_Lab_02._06.Tests.DivisibleTest(410)" methodname="DivisibleTest" classname="Open_Lab_02._06.Tests" runstate="Runnable" seed="311675607" result="Passed" start-time="2021-10-09 08:44:45Z" end-time="2021-10-09 08:44:45Z" duration="0.000052" asserts="1" />
            <test-case id="1084" name="DivisibleTest(415)" fullname="Open_Lab_02._06.Tests.DivisibleTest(415)" methodname="DivisibleTest" classname="Open_Lab_02._06.Tests" runstate="Runnable" seed="1646912997" result="Passed" start-time="2021-10-09 08:44:45Z" end-time="2021-10-09 08:44:45Z" duration="0.000060" asserts="1" />
            <test-case id="1085" name="DivisibleTest(420)" fullname="Open_Lab_02._06.Tests.DivisibleTest(420)" methodname="DivisibleTest" classname="Open_Lab_02._06.Tests" runstate="Runnable" seed="1647854841" result="Passed" start-time="2021-10-09 08:44:45Z" end-time="2021-10-09 08:44:45Z" duration="0.000050" asserts="1" />
            <test-case id="1086" name="DivisibleTest(425)" fullname="Open_Lab_02._06.Tests.DivisibleTest(425)" methodname="DivisibleTest" classname="Open_Lab_02._06.Tests" runstate="Runnable" seed="779689757" result="Passed" start-time="2021-10-09 08:44:45Z" end-time="2021-10-09 08:44:45Z" duration="0.000058" asserts="1" />
            <test-case id="1087" name="DivisibleTest(430)" fullname="Open_Lab_02._06.Tests.DivisibleTest(430)" methodname="DivisibleTest" classname="Open_Lab_02._06.Tests" runstate="Runnable" seed="314130480" result="Passed" start-time="2021-10-09 08:44:45Z" end-time="2021-10-09 08:44:45Z" duration="0.000050" asserts="1" />
            <test-case id="1088" name="DivisibleTest(435)" fullname="Open_Lab_02._06.Tests.DivisibleTest(435)" methodname="DivisibleTest" classname="Open_Lab_02._06.Tests" runstate="Runnable" seed="1086920123" result="Passed" start-time="2021-10-09 08:44:45Z" end-time="2021-10-09 08:44:45Z" duration="0.000059" asserts="1" />
            <test-case id="1089" name="DivisibleTest(440)" fullname="Open_Lab_02._06.Tests.DivisibleTest(440)" methodname="DivisibleTest" classname="Open_Lab_02._06.Tests" runstate="Runnable" seed="768245856" result="Passed" start-time="2021-10-09 08:44:45Z" end-time="2021-10-09 08:44:45Z" duration="0.000051" asserts="1" />
            <test-case id="1090" name="DivisibleTest(445)" fullname="Open_Lab_02._06.Tests.DivisibleTest(445)" methodname="DivisibleTest" classname="Open_Lab_02._06.Tests" runstate="Runnable" seed="1053042649" result="Passed" start-time="2021-10-09 08:44:45Z" end-time="2021-10-09 08:44:45Z" duration="0.000050" asserts="1" />
            <test-case id="1091" name="DivisibleTest(450)" fullname="Open_Lab_02._06.Tests.DivisibleTest(450)" methodname="DivisibleTest" classname="Open_Lab_02._06.Tests" runstate="Runnable" seed="13371835" result="Passed" start-time="2021-10-09 08:44:45Z" end-time="2021-10-09 08:44:45Z" duration="0.000052" asserts="1" />
            <test-case id="1092" name="DivisibleTest(455)" fullname="Open_Lab_02._06.Tests.DivisibleTest(455)" methodname="DivisibleTest" classname="Open_Lab_02._06.Tests" runstate="Runnable" seed="411494769" result="Passed" start-time="2021-10-09 08:44:45Z" end-time="2021-10-09 08:44:45Z" duration="0.000219" asserts="1" />
            <test-case id="1093" name="DivisibleTest(460)" fullname="Open_Lab_02._06.Tests.DivisibleTest(460)" methodname="DivisibleTest" classname="Open_Lab_02._06.Tests" runstate="Runnable" seed="1806032370" result="Passed" start-time="2021-10-09 08:44:45Z" end-time="2021-10-09 08:44:45Z" duration="0.000131" asserts="1" />
            <test-case id="1094" name="DivisibleTest(465)" fullname="Open_Lab_02._06.Tests.DivisibleTest(465)" methodname="DivisibleTest" classname="Open_Lab_02._06.Tests" runstate="Runnable" seed="1595258803" result="Passed" start-time="2021-10-09 08:44:45Z" end-time="2021-10-09 08:44:45Z" duration="0.000065" asserts="1" />
            <test-case id="1095" name="DivisibleTest(470)" fullname="Open_Lab_02._06.Tests.DivisibleTest(470)" methodname="DivisibleTest" classname="Open_Lab_02._06.Tests" runstate="Runnable" seed="1911121409" result="Passed" start-time="2021-10-09 08:44:45Z" end-time="2021-10-09 08:44:45Z" duration="0.000077" asserts="1" />
            <test-case id="1096" name="DivisibleTest(475)" fullname="Open_Lab_02._06.Tests.DivisibleTest(475)" methodname="DivisibleTest" classname="Open_Lab_02._06.Tests" runstate="Runnable" seed="1335006818" result="Passed" start-time="2021-10-09 08:44:45Z" end-time="2021-10-09 08:44:45Z" duration="0.000062" asserts="1" />
            <test-case id="1097" name="DivisibleTest(480)" fullname="Open_Lab_02._06.Tests.DivisibleTest(480)" methodname="DivisibleTest" classname="Open_Lab_02._06.Tests" runstate="Runnable" seed="324252342" result="Passed" start-time="2021-10-09 08:44:45Z" end-time="2021-10-09 08:44:45Z" duration="0.000086" asserts="1" />
            <test-case id="1098" name="DivisibleTest(485)" fullname="Open_Lab_02._06.Tests.DivisibleTest(485)" methodname="DivisibleTest" classname="Open_Lab_02._06.Tests" runstate="Runnable" seed="1654499023" result="Passed" start-time="2021-10-09 08:44:45Z" end-time="2021-10-09 08:44:45Z" duration="0.000079" asserts="1" />
            <test-case id="1099" name="DivisibleTest(490)" fullname="Open_Lab_02._06.Tests.DivisibleTest(490)" methodname="DivisibleTest" classname="Open_Lab_02._06.Tests" runstate="Runnable" seed="270752122" result="Passed" start-time="2021-10-09 08:44:45Z" end-time="2021-10-09 08:44:45Z" duration="0.000095" asserts="1" />
            <test-case id="1100" name="DivisibleTest(495)" fullname="Open_Lab_02._06.Tests.DivisibleTest(495)" methodname="DivisibleTest" classname="Open_Lab_02._06.Tests" runstate="Runnable" seed="769904904" result="Passed" start-time="2021-10-09 08:44:45Z" end-time="2021-10-09 08:44:45Z" duration="0.000084" asserts="1" />
          </test-suite>
        </test-suite>
      </test-suite>
    </test-suite>
  </test-suite>
</test-run>